Сборка начата 18.01.2024 00:21:24.
Уровень детализации журнала: Normal.     1>Проект "D:\Desktop\laba\vrpo\project\vrpoProject\vrpoProject\vrpoProject.vcxproj" в узле 2 (целевые объекты Build).
     1>InitializeBuildStatus:
         Создание "x64\Debug\vrpoProject.tlog\unsuccessfulbuild", так как было задано "AlwaysCreate".
         Обращение к "x64\Debug\vrpoProject.tlog\unsuccessfulbuild".
       ClCompile:
         C:\Program Files\Microsoft Visual Studio\2022\Community\VC\Tools\MSVC\14.37.32822\bin\HostX64\x64\CL.exe /c /ZI /JMC /nologo /W3 /WX- /diagnostics:column /sdl /Od /D _DEBUG /D _CONSOLE /D _UNICODE /D UNICODE /Gm- /EHsc /RTC1 /MDd /GS /fp:precise /Zc:wchar_t /Zc:forScope /Zc:inline /permissive- /Fo"x64\Debug\\" /Fd"x64\Debug\vc143.pdb" /external:W3 /Gd /TP /FC /errorReport:prompt main.cpp
         main.cpp
     1>D:\Desktop\laba\vrpo\project\vrpoProject\vrpoProject\main.cpp(13,15): warning C4244: аргумент: преобразование "time_t" в "unsigned int", возможна потеря данных
       Link:
         C:\Program Files\Microsoft Visual Studio\2022\Community\VC\Tools\MSVC\14.37.32822\bin\HostX64\x64\link.exe /ERRORREPORT:PROMPT /OUT:"D:\Desktop\laba\vrpo\project\vrpoProject\x64\Debug\vrpoProject.exe" /INCREMENTAL /ILK:"x64\Debug\vrpoProject.ilk" /NOLOGO kernel32.lib user32.lib gdi32.lib winspool.lib comdlg32.lib advapi32.lib shell32.lib ole32.lib oleaut32.lib uuid.lib odbc32.lib odbccp32.lib /MANIFEST /MANIFESTUAC:"level='asInvoker' uiAccess='false'" /manifest:embed /DEBUG /PDB:"D:\Desktop\laba\vrpo\project\vrpoProject\x64\Debug\vrpoProject.pdb" /SUBSYSTEM:CONSOLE /TLBID:1 /DYNAMICBASE /NXCOMPAT /IMPLIB:"D:\Desktop\laba\vrpo\project\vrpoProject\x64\Debug\vrpoProject.lib" /MACHINE:X64 x64\Debug\main.obj
         vrpoProject.vcxproj -> D:\Desktop\laba\vrpo\project\vrpoProject\x64\Debug\vrpoProject.exe
       FinalizeBuildStatus:
         Файл "x64\Debug\vrpoProject.tlog\unsuccessfulbuild" удаляется.
         Обращение к "x64\Debug\vrpoProject.tlog\vrpoProject.lastbuildstate".
     1>Сборка проекта "D:\Desktop\laba\vrpo\project\vrpoProject\vrpoProject\vrpoProject.vcxproj" завершена (целевые объекты Build).

Сборка успешно завершена.

       "D:\Desktop\laba\vrpo\project\vrpoProject\vrpoProject\vrpoProject.vcxproj" (целевой объект Build ) (1) ->
       (Целевой объект ClCompile) -> 
         D:\Desktop\laba\vrpo\project\vrpoProject\vrpoProject\main.cpp(13,15): warning C4244: аргумент: преобразование "time_t" в "unsigned int", возможна потеря данных

    Предупреждений: 1
    Ошибок: 0

Прошло времени 00:00:00.70
